<?xml version="1.0" encoding="UTF-8" ?>
<testsuite tests="4" failures="0" name="com.indus.training.service.TestCalculator" time="0.189" errors="0" skipped="0">
  <properties>
[...]
</properties>
  <testcase classname="com.indus.training.service.TestCalculator" name="testMultiplySenario1" time="0.005"/>
  <testcase classname="com.indus.training.service.TestCalculator" name="testDivisionSenario1" time="0.183"/>
  <testcase classname="com.indus.training.service.TestCalculator" name="testSubtractSenario1" time="0"/>
  <testcase classname="com.indus.training.service.TestCalculator" name="testAdditionSenario1" time="0.001"/>
</testsuite>